<?xml version="1.0" encoding="UTF-8"?>
<testsuite xmlns:xsi="http://www.w3.org/2001/XMLSchema-instance" xsi:noNamespaceSchemaLocation="https://maven.apache.org/surefire/maven-surefire-plugin/xsd/surefire-test-report-3.0.xsd" version="3.0" name="com.mycompany.chatapppart1.LoginTest" time="0.437" tests="8" errors="0" skipped="0" failures="0">
  <properties>
[...]
</properties>
  <testcase name="LoginSuccess" classname="com.mycompany.chatapppart1.LoginTest" time="0.028">
    <system-out><![CDATA[Welcomekyl_1it is great to see you again.
]]></system-out>
  </testcase>
  <testcase name="phoneValidFormat" classname="com.mycompany.chatapppart1.LoginTest" time="0.0"/>
  <testcase name="CheckRegsiter" classname="com.mycompany.chatapppart1.LoginTest" time="0.002">
    <system-out><![CDATA[User registered successfully.
]]></system-out>
  </testcase>
  <testcase name="usernameValidate" classname="com.mycompany.chatapppart1.LoginTest" time="0.0"/>
  <testcase name="phoneValidFormatFalse" classname="com.mycompany.chatapppart1.LoginTest" time="0.005"/>
  <testcase name="passwordComplex" classname="com.mycompany.chatapppart1.LoginTest" time="0.002"/>
  <testcase name="usernameValidateFalse" classname="com.mycompany.chatapppart1.LoginTest" time="0.001"/>
  <testcase name="passwordComplexFalse" classname="com.mycompany.chatapppart1.LoginTest" time="0.002"/>
</testsuite>