<?xml version="1.0" encoding="UTF-8"?>
<testsuite xmlns:xsi="http://www.w3.org/2001/XMLSchema-instance" xsi:noNamespaceSchemaLocation="https://maven.apache.org/surefire/maven-surefire-plugin/xsd/surefire-test-report-3.0.xsd" version="3.0" name="com.mycompany.chatapppart1.LoginTest" time="0.167" tests="1" errors="0" skipped="0" failures="0">
  <properties>
[...]
</properties>
  <testcase name="LoginSuccess" classname="com.mycompany.chatapppart1.LoginTest" time="0.021">
    <system-out><![CDATA[Welcomekyl_1it is great to see you again.
]]></system-out>
  </testcase>
</testsuite>